<?xml version="1.0" encoding="UTF-8"?>
<Site BuildName="(empty)"
	BuildStamp="20241207-1204-Experimental"
	Name="ros-workstation"
	Generator="ctest-3.22.1"
	CompilerName="/usr/bin/c++"
	CompilerVersion="11.4.0"
	OSName="Linux"
	Hostname="ros-workstation"
	OSRelease="6.8.0-49-generic"
	OSVersion="#49~22.04.1-Ubuntu SMP PREEMPT_DYNAMIC Wed Nov  6 17:42:15 UTC 2"
	OSPlatform="x86_64"
	Is64Bits="1"
	VendorString="GenuineIntel"
	VendorID="Intel Corporation"
	FamilyID="6"
	ModelID="142"
	ProcessorCacheSize="6144"
	NumberOfLogicalCPU="8"
	NumberOfPhysicalCPU="4"
	TotalVirtualMemory="22604"
	TotalPhysicalMemory="7826"
	LogicalProcessorsPerPhysical="2"
	ProcessorClockFrequency="799.987"
	>
	<Testing>
		<StartDateTime>Dec 07 18:10 IST</StartDateTime>
		<StartTestTime>1733575243</StartTestTime>
		<TestList/>
		<EndDateTime>Dec 07 18:10 IST</EndDateTime>
		<EndTestTime>1733575243</EndTestTime>
		<ElapsedMinutes>0</ElapsedMinutes>
	</Testing>
</Site>
