<?xml version="1.0" encoding="UTF-8"?>
<Site BuildName="(empty)"
	BuildStamp="20241217-1618-Experimental"
	Name="ros-workstation"
	Generator="ctest-3.22.1"
	CompilerName="/usr/bin/c++"
	CompilerVersion="11.4.0"
	OSName="Linux"
	Hostname="ros-workstation"
	OSRelease="6.8.0-49-generic"
	OSVersion="#49~22.04.1-Ubuntu SMP PREEMPT_DYNAMIC Wed Nov  6 17:42:15 UTC 2"
	OSPlatform="x86_64"
	Is64Bits="1"
	VendorString="GenuineIntel"
	VendorID="Intel Corporation"
	FamilyID="6"
	ModelID="142"
	ProcessorCacheSize="6144"
	NumberOfLogicalCPU="8"
	NumberOfPhysicalCPU="4"
	TotalVirtualMemory="22604"
	TotalPhysicalMemory="7826"
	LogicalProcessorsPerPhysical="2"
	ProcessorClockFrequency="3402.81"
	>
	<Testing>
		<StartDateTime>Dec 17 23:24 IST</StartDateTime>
		<StartTestTime>1734458081</StartTestTime>
		<TestList/>
		<EndDateTime>Dec 17 23:24 IST</EndDateTime>
		<EndTestTime>1734458081</EndTestTime>
		<ElapsedMinutes>0</ElapsedMinutes>
	</Testing>
</Site>
