[0.012s] Invoking command in '/home/pavan/MY_ROS_WS/build/my_cpp_pkg': CMAKE_PREFIX_PATH=${CMAKE_PREFIX_PATH}:/opt/ros/humble /usr/bin/cmake --build /home/pavan/MY_ROS_WS/build/my_cpp_pkg -- -j8 -l8
[0.057s] [35m[1mConsolidate compiler generated dependencies of target Hwrdstat_sub[0m
[0.058s] [35m[1mConsolidate compiler generated dependencies of target Hwrdstat_pub[0m
[0.073s] [ 75%] Built target Hwrdstat_pub
[0.073s] [ 75%] [32mBuilding CXX object CMakeFiles/Hwrdstat_sub.dir/src/Hrdstat_sub.cpp.o[0m
[2.619s] In file included from [01m[K/opt/ros/humble/include/rclcpp/rclcpp/logging.hpp:24[m[K,
[2.619s]                  from [01m[K/opt/ros/humble/include/rclcpp/rclcpp/client.hpp:40[m[K,
[2.619s]                  from [01m[K/opt/ros/humble/include/rclcpp/rclcpp/callback_group.hpp:24[m[K,
[2.619s]                  from [01m[K/opt/ros/humble/include/rclcpp/rclcpp/any_executable.hpp:20[m[K,
[2.619s]                  from [01m[K/opt/ros/humble/include/rclcpp/rclcpp/memory_strategy.hpp:25[m[K,
[2.619s]                  from [01m[K/opt/ros/humble/include/rclcpp/rclcpp/memory_strategies.hpp:18[m[K,
[2.619s]                  from [01m[K/opt/ros/humble/include/rclcpp/rclcpp/executor_options.hpp:20[m[K,
[2.619s]                  from [01m[K/opt/ros/humble/include/rclcpp/rclcpp/executor.hpp:37[m[K,
[2.620s]                  from [01m[K/opt/ros/humble/include/rclcpp/rclcpp/executors/multi_threaded_executor.hpp:25[m[K,
[2.620s]                  from [01m[K/opt/ros/humble/include/rclcpp/rclcpp/executors.hpp:21[m[K,
[2.620s]                  from [01m[K/opt/ros/humble/include/rclcpp/rclcpp/rclcpp.hpp:155[m[K,
[2.620s]                  from [01m[K/home/pavan/MY_ROS_WS/src/my_cpp_pkg/src/Hrdstat_sub.cpp:1[m[K:
[2.620s] [01m[K/home/pavan/MY_ROS_WS/src/my_cpp_pkg/src/Hrdstat_sub.cpp:[m[K In member function â€˜[01m[Kvoid Sub_node::callBackRobotNews(my_robot_interfaces::msg::HardwareStatus_<std::allocator<void> >::SharedPtr)[m[Kâ€™:
[2.620s] [01m[K/home/pavan/MY_ROS_WS/src/my_cpp_pkg/src/Hrdstat_sub.cpp:19:91:[m[K [01;31m[Kerror: [m[Kâ€˜[01m[Kstring[m[Kâ€™ was not declared in this scope
[2.620s]    19 |             RCLCPP_INFO(this->get_logger(),"%ld %d %s",msg->temparature,msg->motorstatus,([01;31m[Kstring[m[K)msg->errmessage);
[2.620s]       |                                                                                           [01;31m[K^~~~~~[m[K
[2.636s] [01m[K/home/pavan/MY_ROS_WS/src/my_cpp_pkg/src/Hrdstat_sub.cpp:19:91:[m[K [01;36m[Knote: [m[Ksuggested alternatives:
[2.636s] In file included from [01m[K/usr/include/c++/11/iosfwd:39[m[K,
[2.636s]                  from [01m[K/usr/include/c++/11/bits/shared_ptr.h:52[m[K,
[2.636s]                  from [01m[K/usr/include/c++/11/memory:77[m[K,
[2.637s]                  from [01m[K/opt/ros/humble/include/rclcpp/rclcpp/rclcpp.hpp:153[m[K,
[2.637s]                  from [01m[K/home/pavan/MY_ROS_WS/src/my_cpp_pkg/src/Hrdstat_sub.cpp:1[m[K:
[2.637s] [01m[K/usr/include/c++/11/bits/stringfwd.h:79:33:[m[K [01;36m[Knote: [m[K  â€˜[01m[Kstd::string[m[Kâ€™
[2.637s]    79 |   typedef basic_string<char>    [01;36m[Kstring[m[K;
[2.637s]       |                                 [01;36m[K^~~~~~[m[K
[2.637s] In file included from [01m[K/usr/include/c++/11/stdexcept:39[m[K,
[2.637s]                  from [01m[K/usr/include/c++/11/system_error:41[m[K,
[2.637s]                  from [01m[K/usr/include/c++/11/mutex:42[m[K,
[2.637s]                  from [01m[K/usr/include/c++/11/future:38[m[K,
[2.637s]                  from [01m[K/opt/ros/humble/include/rclcpp/rclcpp/executors.hpp:18[m[K,
[2.637s]                  from [01m[K/opt/ros/humble/include/rclcpp/rclcpp/rclcpp.hpp:155[m[K,
[2.637s]                  from [01m[K/home/pavan/MY_ROS_WS/src/my_cpp_pkg/src/Hrdstat_sub.cpp:1[m[K:
[2.637s] [01m[K/usr/include/c++/11/string:67:11:[m[K [01;36m[Knote: [m[K  â€˜[01m[Kstd::pmr::string[m[Kâ€™
[2.637s]    67 |     using [01;36m[Kstring[m[K    = basic_string<char>;
[2.637s]       |           [01;36m[K^~~~~~[m[K
[5.205s] gmake[2]: *** [CMakeFiles/Hwrdstat_sub.dir/build.make:76: CMakeFiles/Hwrdstat_sub.dir/src/Hrdstat_sub.cpp.o] Error 1
[5.205s] gmake[1]: *** [CMakeFiles/Makefile2:165: CMakeFiles/Hwrdstat_sub.dir/all] Error 2
[5.205s] gmake: *** [Makefile:146: all] Error 2
[5.207s] Invoked command in '/home/pavan/MY_ROS_WS/build/my_cpp_pkg' returned '2': CMAKE_PREFIX_PATH=${CMAKE_PREFIX_PATH}:/opt/ros/humble /usr/bin/cmake --build /home/pavan/MY_ROS_WS/build/my_cpp_pkg -- -j8 -l8
