[0.012s] Invoking command in '/home/pavan/MY_ROS_WS/build/my_cpp_pkg': CMAKE_PREFIX_PATH=/home/pavan/MY_ROS_WS/install/my_robot_interfaces:/home/pavan/MY_ROS_WS/install/my_cpp_pkg:/opt/ros/humble /usr/bin/cmake --build /home/pavan/MY_ROS_WS/build/my_cpp_pkg -- -j8 -l8
[0.069s] -- Found ament_cmake: 1.3.11 (/opt/ros/humble/share/ament_cmake/cmake)
[0.215s] -- Found rclcpp: 16.0.11 (/opt/ros/humble/share/rclcpp/cmake)
[0.241s] -- Found rosidl_generator_c: 3.1.6 (/opt/ros/humble/share/rosidl_generator_c/cmake)
[0.244s] -- Found rosidl_adapter: 3.1.6 (/opt/ros/humble/share/rosidl_adapter/cmake)
[0.249s] -- Found rosidl_generator_cpp: 3.1.6 (/opt/ros/humble/share/rosidl_generator_cpp/cmake)
[0.258s] -- Using all available rosidl_typesupport_c: rosidl_typesupport_fastrtps_c;rosidl_typesupport_introspection_c
[0.269s] -- Using all available rosidl_typesupport_cpp: rosidl_typesupport_fastrtps_cpp;rosidl_typesupport_introspection_cpp
[0.299s] -- Found rmw_implementation_cmake: 6.1.2 (/opt/ros/humble/share/rmw_implementation_cmake/cmake)
[0.301s] -- Found rmw_fastrtps_cpp: 6.2.7 (/opt/ros/humble/share/rmw_fastrtps_cpp/cmake)
[0.390s] -- Using RMW implementation 'rmw_fastrtps_cpp' as default
[0.439s] -- Found example_interfaces: 0.9.3 (/opt/ros/humble/share/example_interfaces/cmake)
[0.474s] -- Found my_robot_interfaces: 0.0.0 (/home/pavan/MY_ROS_WS/install/my_robot_interfaces/share/my_robot_interfaces/cmake)
[0.544s] -- Configuring done
[0.557s] -- Generating done
[0.565s] -- Build files have been written to: /home/pavan/MY_ROS_WS/build/my_cpp_pkg
[0.595s] [ 50%] [32mBuilding CXX object CMakeFiles/Led_panel_node.dir/src/Activity_0004/LED_Panel_node.cpp.o[0m
[0.595s] [ 50%] [32mBuilding CXX object CMakeFiles/Battery_node.dir/src/Activity_0004/Battery_node.cpp.o[0m
[2.924s] [01m[K/home/pavan/MY_ROS_WS/src/my_cpp_pkg/src/Activity_0004/Battery_node.cpp:[m[K In constructor â€˜[01m[Kcli_node::cli_node()[m[Kâ€™:
[2.924s] [01m[K/home/pavan/MY_ROS_WS/src/my_cpp_pkg/src/Activity_0004/Battery_node.cpp:26:100:[m[K [01;31m[Kerror: [m[Klvalue required as unary â€˜[01m[K&[m[Kâ€™ operand
[2.924s]    26 | wall_timer(std::chrono::seconds(1), std::bind(&[01;31m[Kcli_node::callback()[m[K, this));
[2.924s]       |                                                [01;31m[K~~~~~~~~~~~~~~~~~~^~[m[K
[2.924s] 
[3.101s] [01m[K/home/pavan/MY_ROS_WS/src/my_cpp_pkg/src/Activity_0004/LED_Panel_node.cpp:[m[K In member function â€˜[01m[Kvoid Server_node::callBackAddTwoInts(my_robot_interfaces::srv::SetLed_Request_<std::allocator<void> >::SharedPtr, my_robot_interfaces::srv::SetLed_Response_<std::allocator<void> >::SharedPtr)[m[Kâ€™:
[3.101s] [01m[K/home/pavan/MY_ROS_WS/src/my_cpp_pkg/src/Activity_0004/LED_Panel_node.cpp:15:89:[m[K [01;35m[Kwarning: [m[Kunused parameter â€˜[01m[Kresponse[m[Kâ€™ [[01;35m[K]8;;https://gcc.gnu.org/onlinedocs/gcc/Warning-Options.html#index-Wunused-parameter-Wunused-parameter]8;;[m[K]
[3.101s]    15 |                             [01;35m[Kconst my_robot_interfaces::srv::SetLed::Response::SharedPtr response[m[K)
[3.101s]       |                             [01;35m[K~~~~~~~~~~~~~~~~~~~~~~~~~~~~~~~~~~~~~~~~~~~~~~~~~~~~~~~~~~~~^~~~~~~~[m[K
[3.741s] gmake[2]: *** [CMakeFiles/Battery_node.dir/build.make:76: CMakeFiles/Battery_node.dir/src/Activity_0004/Battery_node.cpp.o] Error 1
[3.741s] gmake[1]: *** [CMakeFiles/Makefile2:139: CMakeFiles/Battery_node.dir/all] Error 2
[3.741s] gmake[1]: *** Waiting for unfinished jobs....
[4.361s] [ 75%] [32m[1mLinking CXX executable Led_panel_node[0m
[5.202s] [ 75%] Built target Led_panel_node
[5.203s] gmake: *** [Makefile:146: all] Error 2
[5.206s] Invoked command in '/home/pavan/MY_ROS_WS/build/my_cpp_pkg' returned '2': CMAKE_PREFIX_PATH=/home/pavan/MY_ROS_WS/install/my_robot_interfaces:/home/pavan/MY_ROS_WS/install/my_cpp_pkg:/opt/ros/humble /usr/bin/cmake --build /home/pavan/MY_ROS_WS/build/my_cpp_pkg -- -j8 -l8
